[00:15:42.015] [Info] Root: Preparing Root...
[00:15:42.022] [Info] Root: Done preparing Root.
[00:15:42.022] [Info] Client Version 1.4.4 (windows i386) Source ID: 8cbe6faf22282659828a194e06a08999f213769e Protocol: 747
[00:15:42.022] [Info] Root: Scanning for asset sources in directory '..\assets\'
[00:15:42.710] [Info] Root: Scanning for asset sources in directory '..\mods\'
[00:15:43.913] [Warn] Root: Unrecognized file in asset directory 'mods_go_here', skipping
[00:15:43.913] [Info] Root: Detected asset source named 'base' at '..\assets\packed.pak'
[00:15:43.913] [Info] Root: Detected asset source named 'FrackinUniverse' at '..\mods\729480149.pak'
[00:15:43.913] [Info] Root: Detected asset source named 'Faster Warp' at '..\mods\729726251.pak'
[00:15:43.913] [Info] Root: Detected unnamed asset source at '..\assets\user'
[00:15:43.913] [Info] Loading assets from: '..\assets\packed.pak'
[00:15:44.692] [Info] Loading assets from: '..\mods\729480149.pak'
[00:15:46.051] [Info] Loading assets from: '..\mods\729726251.pak'
[00:15:46.052] [Info] Loading assets from: '..\assets\user'
[00:15:47.812] [Info] Assets digest is cf8e14e0baf41691c9694f1656831844917d9aec14763bd442e9540d84155ee3
[00:15:47.812] [Info] Root: Loaded Assets in 5.78901 seconds
[00:15:47.813] [Info] Application: Initializing SDL Video
[00:15:47.827] [Info] Application: Initializing SDL Joystick
[00:15:48.094] [Info] Application: Initializing SDL Sound
[00:15:48.367] [Info] Initialized Steam platform services
[00:15:48.377] [Error] Failed to instantiate discord core (err 4)
[00:15:48.377] [Info] Was not able to authenticate with Discord and create all components, Discord services will be unavailable
[00:15:48.381] [Info] Application: Creating SDL Window
[00:15:48.623] [Info] Application: Enabling VSync with late swap tearing
[00:15:48.703] [Info] Application: Opened default audio device with 44.1khz / 16 bit stereo audio, 2048 sample size buffer
[00:15:48.715] [Info] OpenGL version: '4.6.0 NVIDIA 456.71' vendor: 'NVIDIA Corporation' renderer: 'GeForce GTX 970/PCIe/SSE2' shader: '4.60 NVIDIA'
[00:15:48.720] [Info] Application: initialization...
[00:15:48.721] [Info] Root: Loaded Configuration in 0.001092 seconds
[00:15:48.722] [Info] Application: Disabling VSync
[00:15:48.724] [Info] Application: renderer initialization...
[00:15:48.725] [Info] detected supported OpenGL texture size 16384, using atlasNumCells 128
[00:15:48.725] [Info] Root: Loaded ImageMetadataDatabase in 1.10001e-06 seconds
[00:15:48.850] [Info] Application: main update loop...
[00:15:48.864] [Info] Loading mods from user generated content with id '729726251' from directory 'D:\Program Files\SteamLibrary\steamapps\workshop\content\211820\729726251'
[00:15:48.864] [Info] Loading mods from user generated content with id '729480149' from directory 'D:\Program Files\SteamLibrary\steamapps\workshop\content\211820\729480149'
[00:15:48.864] [Info] Reloading to include all user generated content
[00:15:48.864] [Info] Root: Reloading from disk
[00:15:48.864] [Info] Root: Writing runtime configuration to '..\storage\starbound.config'
[00:15:48.910] [Info] Root: Loaded Configuration in 0.0011726 seconds
[00:15:48.910] [Info] Root: Scanning for asset sources in directory '..\assets\'
[00:15:49.477] [Info] Root: Scanning for asset sources in directory '..\mods\'
[00:15:50.438] [Warn] Root: Unrecognized file in asset directory 'mods_go_here', skipping
[00:15:50.438] [Info] Root: Scanning for asset sources in directory 'D:\Program Files\SteamLibrary\steamapps\workshop\content\211820\729726251'
[00:15:50.438] [Warn] Root: Overriding duplicate asset source '..\mods\729726251.pak' named 'Faster Warp' with higher or equal priority source 'D:\Program Files\SteamLibrary\steamapps\workshop\content\211820\729726251\contents.pak
[00:15:50.438] [Info] Root: Scanning for asset sources in directory 'D:\Program Files\SteamLibrary\steamapps\workshop\content\211820\729480149'
[00:15:51.384] [Warn] Root: Overriding duplicate asset source '..\mods\729480149.pak' named 'FrackinUniverse' with higher or equal priority source 'D:\Program Files\SteamLibrary\steamapps\workshop\content\211820\729480149\contents.pak
[00:15:51.390] [Info] Root: Detected asset source named 'base' at '..\assets\packed.pak'
[00:15:51.390] [Info] Root: Detected asset source named 'FrackinUniverse' at 'D:\Program Files\SteamLibrary\steamapps\workshop\content\211820\729480149\contents.pak'
[00:15:51.390] [Info] Root: Detected asset source named 'Faster Warp' at 'D:\Program Files\SteamLibrary\steamapps\workshop\content\211820\729726251\contents.pak'
[00:15:51.390] [Info] Root: Detected unnamed asset source at '..\assets\user'
[00:15:51.390] [Info] Loading assets from: '..\assets\packed.pak'
[00:15:52.055] [Info] Loading assets from: 'D:\Program Files\SteamLibrary\steamapps\workshop\content\211820\729480149\contents.pak'
[00:15:53.146] [Info] Loading assets from: 'D:\Program Files\SteamLibrary\steamapps\workshop\content\211820\729726251\contents.pak'
[00:15:53.146] [Info] Loading assets from: '..\assets\user'
[00:15:54.870] [Info] Assets digest is cf8e14e0baf41691c9694f1656831844917d9aec14763bd442e9540d84155ee3
[00:15:54.870] [Info] Root: Loaded Assets in 5.96029 seconds
[00:15:54.881] [Info] Root: Loaded NameGenerator in 0.010806 seconds
[00:15:54.886] [Info] Root: Loaded ImageMetadataDatabase in 1.20001e-06 seconds
[00:15:54.990] [Info] Root: Loaded PlantDatabase in 0.107792 seconds
[00:15:55.435] [Info] Root: Loaded ProjectileDatabase in 0.445617 seconds
[00:15:56.033] [Info] Root: Loaded ObjectDatabase in 1.163 seconds
[00:15:56.168] [Info] Root: Loaded MonsterDatabase in 0.7333 seconds
[00:15:56.215] [Info] Root: Loaded NpcDatabase in 0.181435 seconds
[00:15:56.226] [Info] Root: Loaded VehicleDatabase in 0.0101661 seconds
[00:15:56.274] [Info] Root: Loaded PlayerFactory in 0.0483084 seconds
[00:15:56.276] [Info] Root: Loaded VersioningDatabase in 0.0026008 seconds
[00:15:56.277] [Info] Root: Loaded EntityFactory in 0.0026721 seconds
[00:15:56.293] [Info] Root: Loaded StagehandDatabase in 0.124118 seconds
[00:15:56.381] [Info] Root: Loaded ParticleDatabase in 0.088208 seconds
[00:15:56.863] [Info] Root: Loaded MaterialDatabase in 0.570789 seconds
[00:15:56.871] [Info] Root: Loaded TerrainDatabase in 0.0081785 seconds
[00:15:57.614] [Info] Root: Loaded BiomeDatabase in 0.742184 seconds
[00:15:57.639] [Info] Root: Loaded LiquidsDatabase in 0.025365 seconds
[00:15:57.750] [Info] Root: Loaded StatusEffectDatabase in 0.11067 seconds
[00:15:58.651] [Info] Root: Loaded DamageDatabase in 0.901459 seconds
[00:15:58.658] [Info] Root: Loaded EffectSourceDatabase in 0.0067559 seconds
[00:15:58.687] [Info] Root: Loaded FunctionDatabase in 0.029168 seconds
[00:15:58.774] [Info] Root: Loaded TreasureDatabase in 0.0869456 seconds
[00:15:59.586] [Info] Root: Loaded DungeonDefinitions in 0.810808 seconds
[00:15:59.586] [Info] Root: Loaded TilesetDatabase in 2.28e-05 seconds
[00:15:59.587] [Info] Root: Loaded StatisticsDatabase in 0.0015184 seconds
[00:15:59.587] [Info] Root: Loaded EmoteProcessor in 7.06e-05 seconds
[00:15:59.627] [Info] Root: Loaded SpeciesDatabase in 0.0397377 seconds
[00:15:59.687] [Info] Root: Loaded QuestTemplateDatabase in 0.0597201 seconds
[00:15:59.689] [Info] Root: Loaded AiDatabase in 0.0019657 seconds
[00:15:59.694] [Info] Root: Loaded TechDatabase in 0.0055069 seconds
[00:15:59.715] [Info] Root: Loaded CodexDatabase in 0.0206733 seconds
[00:16:00.066] [Info] Root: Loaded BehaviorDatabase in 0.351582 seconds
[00:16:00.069] [Info] Root: Loaded DanceDatabase in 0.0021536 seconds
[00:16:00.082] [Info] Root: Loaded SpawnTypeDatabase in 0.0131919 seconds
[00:16:00.130] [Info] Root: Loaded RadioMessageDatabase in 0.0481499 seconds
[00:16:20.136] [Info] Root: Loaded ItemDatabase in 23.8593 seconds
[00:16:22.660] [Info] Root: Loaded CollectionDatabase in 22.5295 seconds
[00:16:26.994] [Info] detected supported OpenGL texture size 16384, using atlasNumCells 128
[00:16:54.429] [Error] Join failed! Timeout while establishing connection.
[00:17:15.709] [Info] detected supported OpenGL texture size 16384, using atlasNumCells 128
[00:17:40.646] [Error] Join failed! Timeout while establishing connection.
[00:17:45.047] [Info] detected supported OpenGL texture size 16384, using atlasNumCells 128
[00:17:54.408] [Error] Join failed! Error connecting to '0000:0000:0000:0000:0000:0000:0000:0001:21025'
(NetworkException) cannot connect to 0000:0000:0000:0000:0000:0000:0000:0001:21025: N
[0] e9ff1a Star::captureStack
[1] e9ede8 Star::StarException::StarException
[2] e40055 Star::NetworkException::NetworkException
[3] e94024 Star::TcpSocket::connect
[4] e94166 Star::TcpSocket::connectTo
[5] e00418 Star::ClientApplication::changeState
[6] e09ad0 Star::ClientApplication::updateTitle
[7] e077fe Star::ClientApplication::update
[8] 1489615 Star::SdlPlatform::run
[9] 1489856 Star::runMainApplication
[10] e0a81f WinMain
[11] 15b81c9 __scrt_common_main_seh
[12] 76e0fa29 BaseThreadInitThunk
[13] 776c75f4 RtlGetAppContainerNamedObjectPath
[14] 776c75c4 RtlGetAppContainerNamedObjectPath
[00:17:55.147] [Info] Root: Writing runtime configuration to '..\storage\starbound.config'
[00:18:01.587] [Info] detected supported OpenGL texture size 16384, using atlasNumCells 128
[00:18:09.161] [Error] Join failed! Error connecting to '0000:0000:0000:0000:0000:0000:0000:0001:21025'
(NetworkException) cannot connect to 0000:0000:0000:0000:0000:0000:0000:0001:21025: N
[0] e9ff1a Star::captureStack
[1] e9ede8 Star::StarException::StarException
[2] e40055 Star::NetworkException::NetworkException
[3] e94024 Star::TcpSocket::connect
[4] e94166 Star::TcpSocket::connectTo
[5] e00418 Star::ClientApplication::changeState
[6] e09ad0 Star::ClientApplication::updateTitle
[7] e077fe Star::ClientApplication::update
[8] 1489615 Star::SdlPlatform::run
[9] 1489856 Star::runMainApplication
[10] e0a81f WinMain
[11] 15b81c9 __scrt_common_main_seh
[12] 76e0fa29 BaseThreadInitThunk
[13] 776c75f4 RtlGetAppContainerNamedObjectPath
[14] 776c75c4 RtlGetAppContainerNamedObjectPath
[00:18:10.163] [Info] Root: Writing runtime configuration to '..\storage\starbound.config'
[00:18:15.141] [Info] detected supported OpenGL texture size 16384, using atlasNumCells 128
[00:18:25.189] [Info] Root: Writing runtime configuration to '..\storage\starbound.config'
[00:18:45.555] [Error] Join failed! Timeout while establishing connection.
[00:18:52.929] [Info] detected supported OpenGL texture size 16384, using atlasNumCells 128
[00:18:57.248] [Info] UniverseServer: Acquiring universe lock file
[00:18:57.251] [Info] UniverseServer: Loading settings
[00:18:57.254] [Info] UniverseServer: Starting UniverseServer with UUID: bf6cac92dd4392b2090f6a23e324c84f
[00:18:57.335] [Info] UniverseServer: Logged in player 'Skippy' locally
[00:18:57.335] [Info] UniverseServer: Logged in account '<anonymous>' as player 'Skippy' from address local
[00:18:57.336] [Info] UniverseServer: Loading system world (445527464, 603103243, 91107064) from disk storage
[00:18:57.338] [Info] UniverseClient: Joined server as client 1
[00:18:57.367] [Info] UniverseServer: Reviving player at ClientShipWorld:d0699a9bb7be5336b8e8001eff1a6267
[00:18:57.367] [Info] UniverseServer: Client 'Skippy' <1> (local) connected
[00:18:57.372] [Info] UniverseServer: Loading client ship world ClientShipWorld:d0699a9bb7be5336b8e8001eff1a6267
[00:18:57.473] [Info] detected supported OpenGL texture size 16384, using atlasNumCells 128
[00:18:57.473] [Info] detected supported OpenGL texture size 16384, using atlasNumCells 128
[00:18:57.493] [Info] detected supported OpenGL texture size 16384, using atlasNumCells 128
[00:18:57.493] [Info] Setting steam rich presence connection as steamid_76561198098389076
[00:18:57.501] [Error] Cannot set Steam achievement kill10poptops
[00:18:57.736] [Info] Protected dungeonIds for world set to (65524)
[00:19:04.941] [Info] UniverseServer: Warping player 1 to ClientShipWorld:d0699a9bb7be5336b8e8001eff1a6267
[00:19:07.883] [Info] ----- FU player init -----
[00:19:07.883] [Info] ----- End FU player init -----
[00:19:07.883] [Info] ----- ZB player init -----
[00:19:07.883] [Info] [ZB] Mods using update info window and their versions:
[00:19:07.884] [Info] -- frackinuniverse   [Version 6.1.13]
[00:19:07.884] [Info] -- ztarbound   [Version 6.1.13]
[00:19:07.884] [Info] ----- end ZB player init -----
[00:19:13.526] [Info] UniverseServer: Loading celestial world 445527464:603103243:91107064:3
[00:19:13.961] [Info] Protected dungeonIds for world set to (1, 65524)
[00:19:16.674] [Info] UniverseServer: Warping player 1 to CelestialWorld:445527464:603103243:91107064:3
[00:19:16.689] [Info] Client received world stop packet, leaving: Removed
[00:19:16.701] [Info] UniverseServer: Stopping idle world ClientShipWorld:d0699a9bb7be5336b8e8001eff1a6267
[00:19:17.177] [Info] ----- FU player init -----
[00:19:17.178] [Info] ----- End FU player init -----
[00:19:17.178] [Info] ----- ZB player init -----
[00:19:17.178] [Info] [ZB] Mods using update info window and their versions:
[00:19:17.178] [Info] -- frackinuniverse   [Version 6.1.13]
[00:19:17.178] [Info] -- ztarbound   [Version 6.1.13]
[00:19:17.178] [Info] ----- end ZB player init -----
[00:21:43.912] [Info] Skipped event recording for nonexistent entity 5749
[00:22:53.699] [Info] UniverseServer: Loading client ship world ClientShipWorld:d0699a9bb7be5336b8e8001eff1a6267
[00:22:54.003] [Info] Protected dungeonIds for world set to (65524)
[00:23:00.460] [Info] UniverseServer: Warping player 1 to ClientShipWorld:d0699a9bb7be5336b8e8001eff1a6267
[00:23:00.473] [Info] UniverseServer: Stopping idle world CelestialWorld:445527464:603103243:91107064:3
[00:23:00.542] [Info] Client received world stop packet, leaving: Removed
[00:23:01.434] [Info] ----- FU player init -----
[00:23:01.434] [Info] ----- End FU player init -----
[00:23:01.434] [Info] ----- ZB player init -----
[00:23:01.434] [Info] [ZB] Mods using update info window and their versions:
[00:23:01.435] [Info] -- frackinuniverse   [Version 6.1.13]
[00:23:01.435] [Info] -- ztarbound   [Version 6.1.13]
[00:23:01.435] [Info] ----- end ZB player init -----
[00:23:08.792] [Info] UniverseServer: Loading celestial world 445527464:603103243:91107064:3
[00:23:09.270] [Info] Protected dungeonIds for world set to (1, 65524)
[00:23:09.408] [Info] UniverseServer: Warping player 1 to CelestialWorld:445527464:603103243:91107064:3=3a36669fcecfc72cfdae3e0a1d586385
[00:23:09.444] [Info] Client received world stop packet, leaving: Removed
[00:23:09.525] [Info] UniverseServer: Stopping idle world ClientShipWorld:d0699a9bb7be5336b8e8001eff1a6267
[00:23:10.069] [Info] ----- FU player init -----
[00:23:10.069] [Info] ----- End FU player init -----
[00:23:10.069] [Info] ----- ZB player init -----
[00:23:10.069] [Info] [ZB] Mods using update info window and their versions:
[00:23:10.069] [Info] -- ztarbound   [Version 6.1.13]
[00:23:10.070] [Info] -- frackinuniverse   [Version 6.1.13]
[00:23:10.070] [Info] ----- end ZB player init -----
[00:31:03.432] [Info] UniverseServer: Loading client ship world ClientShipWorld:d0699a9bb7be5336b8e8001eff1a6267
[00:31:03.765] [Info] Protected dungeonIds for world set to (65524)
[00:31:10.626] [Info] UniverseServer: Warping player 1 to ClientShipWorld:d0699a9bb7be5336b8e8001eff1a6267
[00:31:10.650] [Info] UniverseServer: Stopping idle world CelestialWorld:445527464:603103243:91107064:3
[00:31:10.654] [Info] Client received world stop packet, leaving: Removed
[00:31:11.507] [Info] ----- FU player init -----
[00:31:11.508] [Info] ----- End FU player init -----
[00:31:11.508] [Info] ----- ZB player init -----
[00:31:11.508] [Info] [ZB] Mods using update info window and their versions:
[00:31:11.509] [Info] -- ztarbound   [Version 6.1.13]
[00:31:11.509] [Info] -- frackinuniverse   [Version 6.1.13]
[00:31:11.509] [Info] ----- end ZB player init -----
[00:31:20.867] [Info] UniverseServer: Loading celestial world 445527464:603103243:91107064:3
[00:31:21.302] [Info] Protected dungeonIds for world set to (1, 65524)
[00:31:21.474] [Info] UniverseServer: Warping player 1 to CelestialWorld:445527464:603103243:91107064:3=3a36669fcecfc72cfdae3e0a1d586385
[00:31:21.530] [Info] Client received world stop packet, leaving: Removed
[00:31:21.582] [Info] UniverseServer: Stopping idle world ClientShipWorld:d0699a9bb7be5336b8e8001eff1a6267
[00:31:22.062] [Info] ----- FU player init -----
[00:31:22.062] [Info] ----- End FU player init -----
[00:31:22.062] [Info] ----- ZB player init -----
[00:31:22.062] [Info] [ZB] Mods using update info window and their versions:
[00:31:22.063] [Info] -- ztarbound   [Version 6.1.13]
[00:31:22.063] [Info] -- frackinuniverse   [Version 6.1.13]
[00:31:22.063] [Info] ----- end ZB player init -----
[00:32:06.393] [Info] UniverseServer: Loading client ship world ClientShipWorld:d0699a9bb7be5336b8e8001eff1a6267
[00:32:06.722] [Info] Protected dungeonIds for world set to (65524)
[00:32:13.609] [Info] UniverseServer: Warping player 1 to ClientShipWorld:d0699a9bb7be5336b8e8001eff1a6267
[00:32:13.617] [Info] UniverseServer: Stopping idle world CelestialWorld:445527464:603103243:91107064:3
[00:32:13.625] [Info] Client received world stop packet, leaving: Removed
[00:32:14.469] [Info] ----- FU player init -----
[00:32:14.469] [Info] ----- End FU player init -----
[00:32:14.469] [Info] ----- ZB player init -----
[00:32:14.469] [Info] [ZB] Mods using update info window and their versions:
[00:32:14.470] [Info] -- ztarbound   [Version 6.1.13]
[00:32:14.470] [Info] -- frackinuniverse   [Version 6.1.13]
[00:32:14.470] [Info] ----- end ZB player init -----
[00:32:25.209] [Info] UniverseServer: Loading celestial world 445527464:603103243:91107064:3
[00:32:25.641] [Info] Protected dungeonIds for world set to (1, 65524)
[00:32:25.743] [Info] UniverseServer: Warping player 1 to CelestialWorld:445527464:603103243:91107064:3=3a36669fcecfc72cfdae3e0a1d586385
[00:32:25.768] [Info] Client received world stop packet, leaving: Removed
[00:32:25.855] [Info] UniverseServer: Stopping idle world ClientShipWorld:d0699a9bb7be5336b8e8001eff1a6267
[00:32:26.362] [Info] ----- FU player init -----
[00:32:26.362] [Info] ----- End FU player init -----
[00:32:26.362] [Info] ----- ZB player init -----
[00:32:26.363] [Info] [ZB] Mods using update info window and their versions:
[00:32:26.363] [Info] -- frackinuniverse   [Version 6.1.13]
[00:32:26.363] [Info] -- ztarbound   [Version 6.1.13]
[00:32:26.363] [Info] ----- end ZB player init -----
[00:54:29.047] [Info] UniverseServer: Loading client ship world ClientShipWorld:d0699a9bb7be5336b8e8001eff1a6267
[00:54:29.376] [Info] Protected dungeonIds for world set to (65524)
[00:54:36.292] [Info] UniverseServer: Warping player 1 to ClientShipWorld:d0699a9bb7be5336b8e8001eff1a6267
[00:54:36.301] [Info] UniverseServer: Stopping idle world CelestialWorld:445527464:603103243:91107064:3
[00:54:36.312] [Info] Client received world stop packet, leaving: Removed
[00:54:37.187] [Info] ----- FU player init -----
[00:54:37.187] [Info] ----- End FU player init -----
[00:54:37.187] [Info] ----- ZB player init -----
[00:54:37.187] [Info] [ZB] Mods using update info window and their versions:
[00:54:37.188] [Info] -- frackinuniverse   [Version 6.1.13]
[00:54:37.188] [Info] -- ztarbound   [Version 6.1.13]
[00:54:37.188] [Info] ----- end ZB player init -----
[00:55:10.426] [Info] UniverseServer: Loading celestial world 445527463:603103112:-130729559:7:1
[00:55:10.781] [Info] Protected dungeonIds for world set to (1, 65524)
[00:55:10.986] [Info] UniverseServer: Warping player 1 to CelestialWorld:445527463:603103112:-130729559:7:1=2bf64de45307ada78f6824ae281f6001
[00:55:11.123] [Info] Client received world stop packet, leaving: Removed
[00:55:11.908] [Info] UniverseServer: Stopping idle world ClientShipWorld:d0699a9bb7be5336b8e8001eff1a6267
[00:55:18.420] [Info] ----- FU player init -----
[00:55:18.420] [Info] ----- End FU player init -----
[00:55:18.420] [Info] ----- ZB player init -----
[00:55:18.420] [Info] [ZB] Mods using update info window and their versions:
[00:55:18.421] [Info] -- ztarbound   [Version 6.1.13]
[00:55:18.421] [Info] -- frackinuniverse   [Version 6.1.13]
[00:55:18.421] [Info] ----- end ZB player init -----
[00:56:07.764] [Info] UniverseServer: Loading celestial world 445527463:603103112:-130729559:7:2
[00:56:08.063] [Info] Protected dungeonIds for world set to (65524)
[00:56:08.287] [Info] UniverseServer: Warping player 1 to CelestialWorld:445527463:603103112:-130729559:7:2=b313e6d5dcf82be7a477daca26918e9a
[00:56:08.374] [Info] Client received world stop packet, leaving: Removed
[00:56:08.488] [Info] UniverseServer: Stopping idle world CelestialWorld:445527463:603103112:-130729559:7:1
[00:56:14.963] [Info] ----- FU player init -----
[00:56:14.963] [Info] ----- End FU player init -----
[00:56:14.963] [Info] ----- ZB player init -----
[00:56:14.963] [Info] [ZB] Mods using update info window and their versions:
[00:56:14.964] [Info] -- ztarbound   [Version 6.1.13]
[00:56:14.964] [Info] -- frackinuniverse   [Version 6.1.13]
[00:56:14.964] [Info] ----- end ZB player init -----
[00:56:39.511] [Info] UniverseServer: Loading celestial world 445527464:603103243:91107064:3
[00:56:39.927] [Info] Protected dungeonIds for world set to (1, 65524)
[00:56:40.020] [Info] UniverseServer: Warping player 1 to CelestialWorld:445527464:603103243:91107064:3=3a36669fcecfc72cfdae3e0a1d586385
[00:56:40.042] [Info] Client received world stop packet, leaving: Removed
[00:56:40.131] [Info] UniverseServer: Stopping idle world CelestialWorld:445527463:603103112:-130729559:7:2
[00:56:40.649] [Info] ----- FU player init -----
[00:56:40.649] [Info] ----- End FU player init -----
[00:56:40.649] [Info] ----- ZB player init -----
[00:56:40.649] [Info] [ZB] Mods using update info window and their versions:
[00:56:40.649] [Info] -- ztarbound   [Version 6.1.13]
[00:56:40.650] [Info] -- frackinuniverse   [Version 6.1.13]
[00:56:40.650] [Info] ----- end ZB player init -----
[01:10:43.257] [Info] UniverseServer: Loading client ship world ClientShipWorld:d0699a9bb7be5336b8e8001eff1a6267
[01:10:43.594] [Info] Protected dungeonIds for world set to (65524)
[01:10:51.739] [Info] UniverseServer: Warping player 1 to ClientShipWorld:d0699a9bb7be5336b8e8001eff1a6267
[01:10:51.773] [Info] Client received world stop packet, leaving: Removed
[01:10:51.774] [Info] UniverseServer: Stopping idle world CelestialWorld:445527464:603103243:91107064:3
[01:10:52.735] [Info] ----- FU player init -----
[01:10:52.735] [Info] ----- End FU player init -----
[01:10:52.735] [Info] ----- ZB player init -----
[01:10:52.735] [Info] [ZB] Mods using update info window and their versions:
[01:10:52.736] [Info] -- frackinuniverse   [Version 6.1.13]
[01:10:52.736] [Info] -- ztarbound   [Version 6.1.13]
[01:10:52.736] [Info] ----- end ZB player init -----
[01:11:05.062] [Info] Flying ship for player 1 to 445527464:603103243:91107064
[01:11:09.836] [Info] UniverseServer: Arriving ship for player 1 at 445527464:603103243:91107064
[01:11:17.215] [Info] UniverseServer: Creating temporary instance world 'InstanceWorld:spaceencounter:36ba96419df93dade07a4a3233a62d5a:6' with expiry time 600000
[01:11:17.224] [Info] Protected dungeonIds for world set to (65524)
[01:11:17.224] [Info] Placing dungeon spaceencounter
[01:11:17.226] [Info] Placing dungeon at (0, 150)
[01:11:17.667] [Info] Protected dungeonIds for world set to (0, 65524)
[01:11:18.276] [Info] UniverseServer: Warping player 1 to InstanceWorld:spaceencounter:36ba96419df93dade07a4a3233a62d5a:6
[01:11:18.828] [Info] Client received world stop packet, leaving: Removed
[01:11:18.830] [Info] UniverseServer: Stopping idle world ClientShipWorld:d0699a9bb7be5336b8e8001eff1a6267
[01:11:19.037] [Info] ----- FU player init -----
[01:11:19.038] [Info] ----- End FU player init -----
[01:11:19.038] [Info] ----- ZB player init -----
[01:11:19.038] [Info] [ZB] Mods using update info window and their versions:
[01:11:19.038] [Info] -- ztarbound   [Version 6.1.13]
[01:11:19.038] [Info] -- frackinuniverse   [Version 6.1.13]
[01:11:19.038] [Info] ----- end ZB player init -----
[01:11:28.160] [Info] Root: Writing runtime configuration to '..\storage\starbound.config'
[01:14:35.690] [Info] UniverseServer: Loading client ship world ClientShipWorld:d0699a9bb7be5336b8e8001eff1a6267
[01:14:36.052] [Info] Protected dungeonIds for world set to (65524)
[01:14:43.192] [Info] UniverseServer: Warping player 1 to ClientShipWorld:d0699a9bb7be5336b8e8001eff1a6267
[01:14:43.198] [Info] Client received world stop packet, leaving: Removed
[01:14:43.234] [Info] UniverseServer: Stopping idle world InstanceWorld:spaceencounter:36ba96419df93dade07a4a3233a62d5a:6
[01:14:44.064] [Info] ----- FU player init -----
[01:14:44.064] [Info] ----- End FU player init -----
[01:14:44.064] [Info] ----- ZB player init -----
[01:14:44.064] [Info] [ZB] Mods using update info window and their versions:
[01:14:44.065] [Info] -- ztarbound   [Version 6.1.13]
[01:14:44.065] [Info] -- frackinuniverse   [Version 6.1.13]
[01:14:44.065] [Info] ----- end ZB player init -----
[01:14:55.367] [Info] Flying ship for player 1 to 445527464:603103243:91107064
[01:15:04.421] [Info] UniverseServer: Arriving ship for player 1 at 445527464:603103243:91107064
[01:15:10.977] [Info] UniverseServer: Creating temporary instance world 'InstanceWorld:pirateship:f3a1ec861095054a0ea028fa338cde01:6' with expiry time 600000
[01:15:10.985] [Info] Protected dungeonIds for world set to (65524)
[01:15:10.985] [Info] Placing dungeon pirateship
[01:15:10.985] [Info] Placing dungeon at (0, 150)
[01:15:11.617] [Info] Protected dungeonIds for world set to (0, 65524)
[01:15:12.500] [Info] UniverseServer: Warping player 1 to InstanceWorld:pirateship:f3a1ec861095054a0ea028fa338cde01:6
[01:15:13.158] [Info] UniverseServer: Stopping idle world ClientShipWorld:d0699a9bb7be5336b8e8001eff1a6267
[01:15:13.180] [Info] Client received world stop packet, leaving: Removed
[01:15:13.392] [Info] ----- FU player init -----
[01:15:13.393] [Info] ----- End FU player init -----
[01:15:13.393] [Info] ----- ZB player init -----
[01:15:13.393] [Info] [ZB] Mods using update info window and their versions:
[01:15:13.393] [Info] -- ztarbound   [Version 6.1.13]
[01:15:13.393] [Info] -- frackinuniverse   [Version 6.1.13]
[01:15:13.393] [Info] ----- end ZB player init -----
[01:20:56.973] [Info] UniverseServer: Loading client ship world ClientShipWorld:d0699a9bb7be5336b8e8001eff1a6267
[01:20:57.298] [Info] Protected dungeonIds for world set to (65524)
[01:21:05.829] [Info] UniverseServer: Warping player 1 to ClientShipWorld:d0699a9bb7be5336b8e8001eff1a6267
[01:21:05.854] [Info] UniverseServer: Stopping idle world InstanceWorld:pirateship:f3a1ec861095054a0ea028fa338cde01:6
[01:21:05.860] [Info] Client received world stop packet, leaving: Removed
[01:21:06.808] [Info] ----- FU player init -----
[01:21:06.808] [Info] ----- End FU player init -----
[01:21:06.808] [Info] ----- ZB player init -----
[01:21:06.808] [Info] [ZB] Mods using update info window and their versions:
[01:21:06.809] [Info] -- frackinuniverse   [Version 6.1.13]
[01:21:06.809] [Info] -- ztarbound   [Version 6.1.13]
[01:21:06.809] [Info] ----- end ZB player init -----
[01:21:26.342] [Info] Flying ship for player 1 to 445527464:603103243:91107064
[01:21:30.000] [Info] UniverseServer: Arriving ship for player 1 at 445527464:603103243:91107064
[01:21:35.951] [Info] UniverseServer: Creating celestial world 445527464:603103243:91107064:10
[01:21:35.962] [Info] Protected dungeonIds for world set to (65524)
[01:21:36.558] [Info] UniverseServer: Warping player 1 to CelestialWorld:445527464:603103243:91107064:10=-1512.9
[01:21:36.615] [Info] Client received world stop packet, leaving: Removed
[01:21:37.034] [Info] UniverseServer: Stopping idle world ClientShipWorld:d0699a9bb7be5336b8e8001eff1a6267
[01:21:37.198] [Info] ----- FU player init -----
[01:21:37.198] [Info] ----- End FU player init -----
[01:21:37.198] [Info] ----- ZB player init -----
[01:21:37.198] [Info] [ZB] Mods using update info window and their versions:
[01:21:37.198] [Info] -- frackinuniverse   [Version 6.1.13]
[01:21:37.198] [Info] -- ztarbound   [Version 6.1.13]
[01:21:37.198] [Info] ----- end ZB player init -----
[01:22:08.222] [Info] UniverseServer: Loading client ship world ClientShipWorld:d0699a9bb7be5336b8e8001eff1a6267
[01:22:08.554] [Info] Protected dungeonIds for world set to (65524)
[01:22:09.658] [Info] UniverseServer: Warping player 1 to ClientShipWorld:d0699a9bb7be5336b8e8001eff1a6267
[01:22:09.675] [Info] Client received world stop packet, leaving: Removed
[01:22:09.684] [Info] UniverseServer: Stopping idle world CelestialWorld:445527464:603103243:91107064:10
[01:22:10.584] [Info] ----- FU player init -----
[01:22:10.584] [Info] ----- End FU player init -----
[01:22:10.584] [Info] ----- ZB player init -----
[01:22:10.584] [Info] [ZB] Mods using update info window and their versions:
[01:22:10.585] [Info] -- ztarbound   [Version 6.1.13]
[01:22:10.585] [Info] -- frackinuniverse   [Version 6.1.13]
[01:22:10.585] [Info] ----- end ZB player init -----
[01:22:20.658] [Info] Flying ship for player 1 to 445527464:603103243:91107064
[01:22:24.527] [Info] UniverseServer: Arriving ship for player 1 at 445527464:603103243:91107064
[01:22:30.134] [Info] UniverseServer: Loading celestial world 445527464:603103243:91107064:10
[01:22:30.140] [Info] Protected dungeonIds for world set to (65524)
[01:22:30.235] [Info] UniverseServer: Warping player 1 to CelestialWorld:445527464:603103243:91107064:10=-3205.39
[01:22:30.240] [Info] Client received world stop packet, leaving: Removed
[01:22:30.765] [Info] UniverseServer: Stopping idle world ClientShipWorld:d0699a9bb7be5336b8e8001eff1a6267
[01:22:30.927] [Info] ----- FU player init -----
[01:22:30.927] [Info] ----- End FU player init -----
[01:22:30.927] [Info] ----- ZB player init -----
[01:22:30.927] [Info] [ZB] Mods using update info window and their versions:
[01:22:30.927] [Info] -- ztarbound   [Version 6.1.13]
[01:22:30.927] [Info] -- frackinuniverse   [Version 6.1.13]
[01:22:30.927] [Info] ----- end ZB player init -----
[01:22:54.918] [Info] UniverseServer: Loading client ship world ClientShipWorld:d0699a9bb7be5336b8e8001eff1a6267
[01:22:55.246] [Info] Protected dungeonIds for world set to (65524)
[01:22:56.252] [Info] UniverseServer: Warping player 1 to ClientShipWorld:d0699a9bb7be5336b8e8001eff1a6267
[01:22:56.264] [Info] Client received world stop packet, leaving: Removed
[01:22:56.284] [Info] UniverseServer: Stopping idle world CelestialWorld:445527464:603103243:91107064:10
[01:22:56.456] [Info] ----- FU player init -----
[01:22:56.456] [Info] ----- End FU player init -----
[01:22:56.456] [Info] ----- ZB player init -----
[01:22:56.456] [Info] [ZB] Mods using update info window and their versions:
[01:22:56.456] [Info] -- ztarbound   [Version 6.1.13]
[01:22:56.456] [Info] -- frackinuniverse   [Version 6.1.13]
[01:22:56.456] [Info] ----- end ZB player init -----
[01:23:06.300] [Info] Flying ship for player 1 to 445527464:603103243:91107064
[01:23:14.942] [Info] UniverseServer: Arriving ship for player 1 at 445527464:603103243:91107064
[01:23:20.864] [Info] UniverseServer: Creating temporary instance world 'InstanceWorld:pirateship:7a74838811d8706e854aa9663c9ad60a:6' with expiry time 600000
[01:23:20.873] [Info] Protected dungeonIds for world set to (65524)
[01:23:20.873] [Info] Placing dungeon pirateship
[01:23:20.874] [Info] Placing dungeon at (0, 150)
[01:23:21.335] [Info] Protected dungeonIds for world set to (0, 65524)
[01:23:22.022] [Info] UniverseServer: Warping player 1 to InstanceWorld:pirateship:7a74838811d8706e854aa9663c9ad60a:6
[01:23:22.511] [Info] Client received world stop packet, leaving: Removed
[01:23:22.518] [Info] UniverseServer: Stopping idle world ClientShipWorld:d0699a9bb7be5336b8e8001eff1a6267
[01:23:22.707] [Info] ----- FU player init -----
[01:23:22.707] [Info] ----- End FU player init -----
[01:23:22.707] [Info] ----- ZB player init -----
[01:23:22.708] [Info] [ZB] Mods using update info window and their versions:
[01:23:22.708] [Info] -- frackinuniverse   [Version 6.1.13]
[01:23:22.708] [Info] -- ztarbound   [Version 6.1.13]
[01:23:22.708] [Info] ----- end ZB player init -----
[01:24:43.274] [Info] UniverseServer: Expiring temporary world InstanceWorld:spaceencounter:36ba96419df93dade07a4a3233a62d5a:6
[01:26:58.020] [Info] UniverseServer: Loading client ship world ClientShipWorld:d0699a9bb7be5336b8e8001eff1a6267
[01:26:58.349] [Info] Protected dungeonIds for world set to (65524)
[01:27:05.219] [Info] UniverseServer: Warping player 1 to ClientShipWorld:d0699a9bb7be5336b8e8001eff1a6267
[01:27:05.248] [Info] Client received world stop packet, leaving: Removed
[01:27:05.279] [Info] UniverseServer: Stopping idle world InstanceWorld:pirateship:7a74838811d8706e854aa9663c9ad60a:6
[01:27:06.163] [Info] ----- FU player init -----
[01:27:06.164] [Info] ----- End FU player init -----
[01:27:06.164] [Info] ----- ZB player init -----
[01:27:06.164] [Info] [ZB] Mods using update info window and their versions:
[01:27:06.164] [Info] -- ztarbound   [Version 6.1.13]
[01:27:06.164] [Info] -- frackinuniverse   [Version 6.1.13]
[01:27:06.164] [Info] ----- end ZB player init -----
[01:27:11.975] [Info] UniverseServer: Loading temporary instance world InstanceWorld:pirateship:7a74838811d8706e854aa9663c9ad60a:6 from storage
[01:27:11.976] [Info] Protected dungeonIds for world set to (0, 65524)
[01:27:12.052] [Info] UniverseServer: Warping player 1 to InstanceWorld:pirateship:7a74838811d8706e854aa9663c9ad60a:6
[01:27:12.055] [Info] UniverseServer: Stopping idle world ClientShipWorld:d0699a9bb7be5336b8e8001eff1a6267
[01:27:12.125] [Info] Client received world stop packet, leaving: Removed
[01:27:12.312] [Info] ----- FU player init -----
[01:27:12.312] [Info] ----- End FU player init -----
[01:27:12.312] [Info] ----- ZB player init -----
[01:27:12.312] [Info] [ZB] Mods using update info window and their versions:
[01:27:12.312] [Info] -- ztarbound   [Version 6.1.13]
[01:27:12.313] [Info] -- frackinuniverse   [Version 6.1.13]
[01:27:12.313] [Info] ----- end ZB player init -----
[01:28:45.681] [Info] Skipped event recording for nonexistent entity 626
[01:30:09.214] [Info] UniverseServer: Loading client ship world ClientShipWorld:d0699a9bb7be5336b8e8001eff1a6267
[01:30:09.505] [Info] Protected dungeonIds for world set to (65524)
[01:30:15.900] [Info] UniverseServer: Warping player 1 to ClientShipWorld:d0699a9bb7be5336b8e8001eff1a6267
[01:30:15.911] [Info] UniverseServer: Stopping idle world InstanceWorld:pirateship:7a74838811d8706e854aa9663c9ad60a:6
[01:30:15.935] [Info] Client received world stop packet, leaving: Removed
[01:30:16.755] [Info] ----- FU player init -----
[01:30:16.755] [Info] ----- End FU player init -----
[01:30:16.755] [Info] ----- ZB player init -----
[01:30:16.755] [Info] [ZB] Mods using update info window and their versions:
[01:30:16.756] [Info] -- frackinuniverse   [Version 6.1.13]
[01:30:16.756] [Info] -- ztarbound   [Version 6.1.13]
[01:30:16.756] [Info] ----- end ZB player init -----
[01:30:35.224] [Info] UniverseServer: Loading temporary instance world InstanceWorld:pirateship:7a74838811d8706e854aa9663c9ad60a:6 from storage
[01:30:35.225] [Info] Protected dungeonIds for world set to (0, 65524)
[01:30:35.300] [Info] UniverseServer: Warping player 1 to InstanceWorld:pirateship:7a74838811d8706e854aa9663c9ad60a:6
[01:30:35.303] [Info] UniverseServer: Stopping idle world ClientShipWorld:d0699a9bb7be5336b8e8001eff1a6267
[01:30:35.327] [Info] Client received world stop packet, leaving: Removed
[01:30:35.526] [Info] ----- FU player init -----
[01:30:35.526] [Info] ----- End FU player init -----
[01:30:35.526] [Info] ----- ZB player init -----
[01:30:35.526] [Info] [ZB] Mods using update info window and their versions:
[01:30:35.526] [Info] -- frackinuniverse   [Version 6.1.13]
[01:30:35.526] [Info] -- ztarbound   [Version 6.1.13]
[01:30:35.526] [Info] ----- end ZB player init -----
[01:31:05.967] [Info] UniverseServer: Expiring temporary world InstanceWorld:pirateship:f3a1ec861095054a0ea028fa338cde01:6
[01:35:54.718] [Info] UniverseServer: Loading client ship world ClientShipWorld:d0699a9bb7be5336b8e8001eff1a6267
[01:35:55.196] [Info] Protected dungeonIds for world set to (65524)
[01:36:02.331] [Info] UniverseServer: Warping player 1 to ClientShipWorld:d0699a9bb7be5336b8e8001eff1a6267
[01:36:02.353] [Info] Client received world stop packet, leaving: Removed
[01:36:02.391] [Info] UniverseServer: Stopping idle world InstanceWorld:pirateship:7a74838811d8706e854aa9663c9ad60a:6
[01:36:03.355] [Info] ----- FU player init -----
[01:36:03.355] [Info] ----- End FU player init -----
[01:36:03.355] [Info] ----- ZB player init -----
[01:36:03.355] [Info] [ZB] Mods using update info window and their versions:
[01:36:03.356] [Info] -- ztarbound   [Version 6.1.13]
[01:36:03.356] [Info] -- frackinuniverse   [Version 6.1.13]
[01:36:03.356] [Info] ----- end ZB player init -----
[01:36:17.675] [Info] UniverseServer: Loading celestial world 445527463:603103112:-130729559:7:1
[01:36:17.983] [Info] Protected dungeonIds for world set to (1, 65524)
[01:36:18.118] [Info] UniverseServer: Warping player 1 to CelestialWorld:445527463:603103112:-130729559:7:1=2bf64de45307ada78f6824ae281f6001
[01:36:18.260] [Info] Client received world stop packet, leaving: Removed
[01:36:19.256] [Info] UniverseServer: Stopping idle world ClientShipWorld:d0699a9bb7be5336b8e8001eff1a6267
[01:36:19.699] [Info] ----- FU player init -----
[01:36:19.699] [Info] ----- End FU player init -----
[01:36:19.699] [Info] ----- ZB player init -----
[01:36:19.699] [Info] [ZB] Mods using update info window and their versions:
[01:36:19.699] [Info] -- frackinuniverse   [Version 6.1.13]
[01:36:19.699] [Info] -- ztarbound   [Version 6.1.13]
[01:36:19.699] [Info] ----- end ZB player init -----
[01:37:08.760] [Error] Could not load audio asset '/sfx/projectiles/cosmicstickyspikes_loop.ogg', using placeholder default.
(AssetException) No such asset '/sfx/projectiles/cosmicstickyspikes_loop.ogg'
[01:37:09.054] [Error] Could not load image asset '/projectiles/activeitems/staff/elementstickyspikes/cosmicspikes.png:5', using placeholder default.
(AssetException) No such frame 5 in frames spec /projectiles/activeitems/staff/elementstickyspikes/default.frames
[01:37:09.097] [Error] Could not load image asset '/projectiles/activeitems/staff/elementstickyspikes/cosmicspikes.png:6', using placeholder default.
(AssetException) No such frame 6 in frames spec /projectiles/activeitems/staff/elementstickyspikes/default.frames
[01:37:09.179] [Error] Could not load image asset '/projectiles/activeitems/staff/elementstickyspikes/cosmicspikes.png:7', using placeholder default.
(AssetException) No such frame 7 in frames spec /projectiles/activeitems/staff/elementstickyspikes/default.frames
[01:37:09.223] [Error] Could not load image asset '/projectiles/activeitems/staff/elementstickyspikes/cosmicspikes.png:8', using placeholder default.
(AssetException) No such frame 8 in frames spec /projectiles/activeitems/staff/elementstickyspikes/default.frames
[01:37:09.264] [Error] Could not load image asset '/projectiles/activeitems/staff/elementstickyspikes/cosmicspikes.png:9', using placeholder default.
(AssetException) No such frame 9 in frames spec /projectiles/activeitems/staff/elementstickyspikes/default.frames
[01:38:30.552] [Error] Could not load image asset '/projectiles/invisibleprojectile/invisibleprojectile.png:0?hueshift=?70', using placeholder default.
(ImageOperationException) Error reading ImageOperation
Caused by: (OutOfRangeException) out of range list::at(1)
[01:39:49.347] [Info] UniverseServer: Loading celestial world 445527463:603103112:-130729559:7:2
[01:39:49.668] [Info] Protected dungeonIds for world set to (65524)
[01:39:50.985] [Info] UniverseServer: Warping player 1 to CelestialWorld:445527463:603103112:-130729559:7:2=b313e6d5dcf82be7a477daca26918e9a
[01:39:50.994] [Info] Client received world stop packet, leaving: Removed
[01:39:51.054] [Info] UniverseServer: Stopping idle world CelestialWorld:445527463:603103112:-130729559:7:1
[01:39:57.119] [Info] ----- FU player init -----
[01:39:57.119] [Info] ----- End FU player init -----
[01:39:57.119] [Info] ----- ZB player init -----
[01:39:57.119] [Info] [ZB] Mods using update info window and their versions:
[01:39:57.120] [Info] -- ztarbound   [Version 6.1.13]
[01:39:57.120] [Info] -- frackinuniverse   [Version 6.1.13]
[01:39:57.120] [Info] ----- end ZB player init -----
[01:43:55.344] [Info] Root: Writing runtime configuration to '..\storage\starbound.config'
[01:44:41.616] [Info] UniverseServer: Loading celestial world 445527464:603103243:91107064:3
[01:44:42.065] [Info] Protected dungeonIds for world set to (1, 65524)
[01:44:42.149] [Info] UniverseServer: Warping player 1 to CelestialWorld:445527464:603103243:91107064:3=1ba8b29fc7d535de7e793bc33a22304c
[01:44:42.223] [Info] UniverseServer: Stopping idle world CelestialWorld:445527463:603103112:-130729559:7:2
[01:44:42.349] [Info] Client received world stop packet, leaving: Removed
[01:44:48.409] [Info] ----- FU player init -----
[01:44:48.409] [Info] ----- End FU player init -----
[01:44:48.409] [Info] ----- ZB player init -----
[01:44:48.410] [Info] [ZB] Mods using update info window and their versions:
[01:44:48.411] [Info] -- frackinuniverse   [Version 6.1.13]
[01:44:48.412] [Info] -- ztarbound   [Version 6.1.13]
[01:44:48.412] [Info] ----- end ZB player init -----
[01:45:10.541] [Info] UniverseServer: Loading client ship world ClientShipWorld:d0699a9bb7be5336b8e8001eff1a6267
[01:45:10.969] [Info] Protected dungeonIds for world set to (65524)
[01:45:12.175] [Info] UniverseServer: Warping player 1 to ClientShipWorld:d0699a9bb7be5336b8e8001eff1a6267
[01:45:12.183] [Info] UniverseServer: Stopping idle world CelestialWorld:445527464:603103243:91107064:3
[01:45:12.188] [Info] Client received world stop packet, leaving: Removed
[01:45:12.409] [Info] ----- FU player init -----
[01:45:12.409] [Info] ----- End FU player init -----
[01:45:12.409] [Info] ----- ZB player init -----
[01:45:12.409] [Info] [ZB] Mods using update info window and their versions:
[01:45:12.409] [Info] -- ztarbound   [Version 6.1.13]
[01:45:12.409] [Info] -- frackinuniverse   [Version 6.1.13]
[01:45:12.409] [Info] ----- end ZB player init -----
[01:46:16.533] [Info] UniverseServer: Loading celestial world 445527463:603103112:-130729559:7:2
[01:46:16.817] [Info] Protected dungeonIds for world set to (65524)
[01:46:17.923] [Info] UniverseServer: Warping player 1 to CelestialWorld:445527463:603103112:-130729559:7:2=b313e6d5dcf82be7a477daca26918e9a
[01:46:17.946] [Info] Client received world stop packet, leaving: Removed
[01:46:17.981] [Info] UniverseServer: Stopping idle world ClientShipWorld:d0699a9bb7be5336b8e8001eff1a6267
[01:46:23.672] [Info] ----- FU player init -----
[01:46:23.672] [Info] ----- End FU player init -----
[01:46:23.672] [Info] ----- ZB player init -----
[01:46:23.673] [Info] [ZB] Mods using update info window and their versions:
[01:46:23.673] [Info] -- ztarbound   [Version 6.1.13]
[01:46:23.673] [Info] -- frackinuniverse   [Version 6.1.13]
[01:46:23.673] [Info] ----- end ZB player init -----
[01:46:51.728] [Info] UniverseServer: Loading celestial world 445527464:603103243:91107064:3
[01:46:52.127] [Info] Protected dungeonIds for world set to (1, 65524)
[01:46:52.234] [Info] UniverseServer: Warping player 1 to CelestialWorld:445527464:603103243:91107064:3=1ba8b29fc7d535de7e793bc33a22304c
[01:46:52.258] [Info] Client received world stop packet, leaving: Removed
[01:46:52.299] [Info] UniverseServer: Stopping idle world CelestialWorld:445527463:603103112:-130729559:7:2
[01:46:52.796] [Info] ----- FU player init -----
[01:46:52.796] [Info] ----- End FU player init -----
[01:46:52.796] [Info] ----- ZB player init -----
[01:46:52.796] [Info] [ZB] Mods using update info window and their versions:
[01:46:52.796] [Info] -- ztarbound   [Version 6.1.13]
[01:46:52.796] [Info] -- frackinuniverse   [Version 6.1.13]
[01:46:52.796] [Info] ----- end ZB player init -----
[01:47:15.643] [Info] Root: Writing runtime configuration to '..\storage\starbound.config'
[01:51:28.079] [Error] Could not load image asset '/projectiles/invisibleprojectile/invisibleprojectile.png:0?hueshift=?70', using placeholder default.
(ImageOperationException) Error reading ImageOperation
Caused by: (OutOfRangeException) out of range list::at(1)
[02:05:45.277] [Info] UniverseClient: Client disconnecting...
[02:05:45.338] [Info] Client received world stop packet, leaving: Removed
[02:05:45.347] [Info] UniverseServer: Client 'Skippy' <1> (local) disconnected for reason: 
[02:05:45.348] [Info] UniverseServer: Stopping idle world CelestialWorld:445527464:603103243:91107064:3
[02:05:45.689] [Info] UniverseServer: Expiring temporary world InstanceWorld:pirateship:7a74838811d8706e854aa9663c9ad60a:6
[02:05:45.831] [Info] UniverseServer: Stopping UniverseServer
[02:05:45.860] [Info] Clearing steam rich presence connection
[02:05:47.287] [Info] Application: quit requested
[02:05:47.287] [Info] Application: quitting...
[02:05:47.287] [Info] Application: shutdown...
[02:05:47.763] [Info] Root: Shutting down Root
[02:05:49.884] [Info] Application: Destroying SDL Window
[02:05:49.989] [Info] Application: stopped gracefully
